{"D:\\Estudos\\Codes\\Dado_Basico\\Dado_Basico_Back\\index.js": {"path":"D:\\Estudos\\Codes\\Dado_Basico\\Dado_Basico_Back\\index.js","statementMap":{"0":{"start":{"line":1,"column":16},"end":{"line":1,"column":34}},"1":{"start":{"line":2,"column":25},"end":{"line":2,"column":50}},"2":{"start":{"line":4,"column":12},"end":{"line":4,"column":21}},"3":{"start":{"line":5,"column":15},"end":{"line":5,"column":33}},"4":{"start":{"line":7,"column":0},"end":{"line":7,"column":24}},"5":{"start":{"line":10,"column":0},"end":{"line":14,"column":1}},"6":{"start":{"line":11,"column":2},"end":{"line":13,"column":5}},"7":{"start":{"line":12,"column":4},"end":{"line":12,"column":61}},"8":{"start":{"line":16,"column":0},"end":{"line":30,"column":3}},"9":{"start":{"line":17,"column":39},"end":{"line":17,"column":47}},"10":{"start":{"line":19,"column":2},"end":{"line":29,"column":3}},"11":{"start":{"line":20,"column":19},"end":{"line":25,"column":6}},"12":{"start":{"line":26,"column":4},"end":{"line":26,"column":33}},"13":{"start":{"line":28,"column":4},"end":{"line":28,"column":51}},"14":{"start":{"line":33,"column":0},"end":{"line":64,"column":3}},"15":{"start":{"line":34,"column":49},"end":{"line":34,"column":57}},"16":{"start":{"line":37,"column":2},"end":{"line":39,"column":3}},"17":{"start":{"line":38,"column":4},"end":{"line":38,"column":102}},"18":{"start":{"line":41,"column":2},"end":{"line":63,"column":3}},"19":{"start":{"line":43,"column":19},"end":{"line":45,"column":6}},"20":{"start":{"line":47,"column":4},"end":{"line":49,"column":5}},"21":{"start":{"line":48,"column":6},"end":{"line":48,"column":71}},"22":{"start":{"line":52,"column":18},"end":{"line":58,"column":6}},"23":{"start":{"line":60,"column":4},"end":{"line":60,"column":32}},"24":{"start":{"line":62,"column":4},"end":{"line":62,"column":51}},"25":{"start":{"line":67,"column":0},"end":{"line":107,"column":3}},"26":{"start":{"line":68,"column":40},"end":{"line":68,"column":48}},"27":{"start":{"line":71,"column":2},"end":{"line":73,"column":3}},"28":{"start":{"line":72,"column":4},"end":{"line":72,"column":93}},"29":{"start":{"line":75,"column":2},"end":{"line":106,"column":3}},"30":{"start":{"line":77,"column":19},"end":{"line":79,"column":6}},"31":{"start":{"line":81,"column":4},"end":{"line":83,"column":5}},"32":{"start":{"line":82,"column":6},"end":{"line":82,"column":80}},"33":{"start":{"line":86,"column":20},"end":{"line":88,"column":6}},"34":{"start":{"line":90,"column":4},"end":{"line":92,"column":5}},"35":{"start":{"line":91,"column":6},"end":{"line":91,"column":81}},"36":{"start":{"line":95,"column":20},"end":{"line":101,"column":6}},"37":{"start":{"line":103,"column":4},"end":{"line":103,"column":34}},"38":{"start":{"line":105,"column":4},"end":{"line":105,"column":51}},"39":{"start":{"line":112,"column":0},"end":{"line":162,"column":3}},"40":{"start":{"line":113,"column":28},"end":{"line":113,"column":38}},"41":{"start":{"line":116,"column":2},"end":{"line":118,"column":3}},"42":{"start":{"line":117,"column":4},"end":{"line":117,"column":87}},"43":{"start":{"line":120,"column":2},"end":{"line":161,"column":3}},"44":{"start":{"line":122,"column":19},"end":{"line":124,"column":6}},"45":{"start":{"line":126,"column":4},"end":{"line":128,"column":5}},"46":{"start":{"line":127,"column":6},"end":{"line":127,"column":71}},"47":{"start":{"line":131,"column":29},"end":{"line":133,"column":6}},"48":{"start":{"line":136,"column":22},"end":{"line":136,"column":74}},"49":{"start":{"line":136,"column":54},"end":{"line":136,"column":73}},"50":{"start":{"line":137,"column":4},"end":{"line":144,"column":7}},"51":{"start":{"line":147,"column":4},"end":{"line":149,"column":7}},"52":{"start":{"line":152,"column":4},"end":{"line":154,"column":7}},"53":{"start":{"line":156,"column":4},"end":{"line":158,"column":7}},"54":{"start":{"line":160,"column":4},"end":{"line":160,"column":51}},"55":{"start":{"line":165,"column":0},"end":{"line":202,"column":3}},"56":{"start":{"line":166,"column":28},"end":{"line":166,"column":38}},"57":{"start":{"line":169,"column":2},"end":{"line":171,"column":3}},"58":{"start":{"line":170,"column":4},"end":{"line":170,"column":86}},"59":{"start":{"line":173,"column":2},"end":{"line":201,"column":3}},"60":{"start":{"line":175,"column":18},"end":{"line":177,"column":6}},"61":{"start":{"line":179,"column":4},"end":{"line":181,"column":5}},"62":{"start":{"line":180,"column":6},"end":{"line":180,"column":70}},"63":{"start":{"line":184,"column":4},"end":{"line":191,"column":7}},"64":{"start":{"line":194,"column":4},"end":{"line":196,"column":7}},"65":{"start":{"line":198,"column":4},"end":{"line":198,"column":122}},"66":{"start":{"line":200,"column":4},"end":{"line":200,"column":51}},"67":{"start":{"line":205,"column":0},"end":{"line":240,"column":3}},"68":{"start":{"line":206,"column":40},"end":{"line":206,"column":48}},"69":{"start":{"line":209,"column":2},"end":{"line":211,"column":3}},"70":{"start":{"line":210,"column":4},"end":{"line":210,"column":110}},"71":{"start":{"line":213,"column":2},"end":{"line":239,"column":3}},"72":{"start":{"line":215,"column":24},"end":{"line":215,"column":26}},"73":{"start":{"line":216,"column":4},"end":{"line":216,"column":50}},"74":{"start":{"line":216,"column":18},"end":{"line":216,"column":50}},"75":{"start":{"line":217,"column":4},"end":{"line":217,"column":53}},"76":{"start":{"line":217,"column":19},"end":{"line":217,"column":53}},"77":{"start":{"line":218,"column":4},"end":{"line":218,"column":38}},"78":{"start":{"line":218,"column":14},"end":{"line":218,"column":38}},"79":{"start":{"line":221,"column":31},"end":{"line":223,"column":6}},"80":{"start":{"line":225,"column":4},"end":{"line":227,"column":5}},"81":{"start":{"line":226,"column":6},"end":{"line":226,"column":103}},"82":{"start":{"line":230,"column":4},"end":{"line":232,"column":7}},"83":{"start":{"line":234,"column":4},"end":{"line":236,"column":7}},"84":{"start":{"line":238,"column":4},"end":{"line":238,"column":51}},"85":{"start":{"line":243,"column":0},"end":{"line":250,"column":3}},"86":{"start":{"line":244,"column":2},"end":{"line":249,"column":3}},"87":{"start":{"line":245,"column":20},"end":{"line":245,"column":50}},"88":{"start":{"line":246,"column":4},"end":{"line":246,"column":34}},"89":{"start":{"line":248,"column":4},"end":{"line":248,"column":51}},"90":{"start":{"line":253,"column":0},"end":{"line":285,"column":3}},"91":{"start":{"line":254,"column":28},"end":{"line":254,"column":38}},"92":{"start":{"line":257,"column":2},"end":{"line":259,"column":3}},"93":{"start":{"line":258,"column":4},"end":{"line":258,"column":87}},"94":{"start":{"line":261,"column":2},"end":{"line":284,"column":3}},"95":{"start":{"line":263,"column":19},"end":{"line":265,"column":6}},"96":{"start":{"line":267,"column":4},"end":{"line":269,"column":5}},"97":{"start":{"line":268,"column":6},"end":{"line":268,"column":71}},"98":{"start":{"line":272,"column":19},"end":{"line":274,"column":6}},"99":{"start":{"line":276,"column":4},"end":{"line":278,"column":5}},"100":{"start":{"line":277,"column":6},"end":{"line":277,"column":90}},"101":{"start":{"line":281,"column":4},"end":{"line":281,"column":33}},"102":{"start":{"line":283,"column":4},"end":{"line":283,"column":51}},"103":{"start":{"line":288,"column":0},"end":{"line":311,"column":3}},"104":{"start":{"line":289,"column":28},"end":{"line":289,"column":38}},"105":{"start":{"line":292,"column":2},"end":{"line":294,"column":3}},"106":{"start":{"line":293,"column":4},"end":{"line":293,"column":87}},"107":{"start":{"line":296,"column":2},"end":{"line":310,"column":3}},"108":{"start":{"line":298,"column":19},"end":{"line":300,"column":6}},"109":{"start":{"line":302,"column":4},"end":{"line":304,"column":5}},"110":{"start":{"line":303,"column":6},"end":{"line":303,"column":71}},"111":{"start":{"line":307,"column":4},"end":{"line":307,"column":43}},"112":{"start":{"line":309,"column":4},"end":{"line":309,"column":51}},"113":{"start":{"line":314,"column":0},"end":{"line":351,"column":3}},"114":{"start":{"line":315,"column":28},"end":{"line":315,"column":38}},"115":{"start":{"line":318,"column":2},"end":{"line":320,"column":3}},"116":{"start":{"line":319,"column":4},"end":{"line":319,"column":86}},"117":{"start":{"line":322,"column":2},"end":{"line":350,"column":3}},"118":{"start":{"line":324,"column":18},"end":{"line":326,"column":6}},"119":{"start":{"line":328,"column":4},"end":{"line":330,"column":5}},"120":{"start":{"line":329,"column":6},"end":{"line":329,"column":70}},"121":{"start":{"line":333,"column":21},"end":{"line":340,"column":6}},"122":{"start":{"line":342,"column":4},"end":{"line":344,"column":5}},"123":{"start":{"line":343,"column":6},"end":{"line":343,"column":91}},"124":{"start":{"line":347,"column":4},"end":{"line":347,"column":35}},"125":{"start":{"line":349,"column":4},"end":{"line":349,"column":51}},"126":{"start":{"line":354,"column":0},"end":{"line":388,"column":3}},"127":{"start":{"line":355,"column":39},"end":{"line":355,"column":47}},"128":{"start":{"line":358,"column":2},"end":{"line":360,"column":3}},"129":{"start":{"line":359,"column":4},"end":{"line":359,"column":86}},"130":{"start":{"line":361,"column":2},"end":{"line":363,"column":3}},"131":{"start":{"line":362,"column":4},"end":{"line":362,"column":102}},"132":{"start":{"line":365,"column":2},"end":{"line":387,"column":3}},"133":{"start":{"line":367,"column":18},"end":{"line":369,"column":6}},"134":{"start":{"line":371,"column":4},"end":{"line":373,"column":5}},"135":{"start":{"line":372,"column":6},"end":{"line":372,"column":70}},"136":{"start":{"line":376,"column":25},"end":{"line":379,"column":6}},"137":{"start":{"line":381,"column":4},"end":{"line":384,"column":7}},"138":{"start":{"line":386,"column":4},"end":{"line":386,"column":83}},"139":{"start":{"line":390,"column":0},"end":{"line":390,"column":21}}},"fnMap":{"0":{"name":"(anonymous_0)","decl":{"start":{"line":11,"column":19},"end":{"line":11,"column":20}},"loc":{"start":{"line":11,"column":25},"end":{"line":13,"column":3}},"line":11},"1":{"name":"(anonymous_1)","decl":{"start":{"line":16,"column":26},"end":{"line":16,"column":27}},"loc":{"start":{"line":16,"column":46},"end":{"line":30,"column":1}},"line":16},"2":{"name":"(anonymous_2)","decl":{"start":{"line":33,"column":26},"end":{"line":33,"column":27}},"loc":{"start":{"line":33,"column":46},"end":{"line":64,"column":1}},"line":33},"3":{"name":"(anonymous_3)","decl":{"start":{"line":67,"column":28},"end":{"line":67,"column":29}},"loc":{"start":{"line":67,"column":48},"end":{"line":107,"column":1}},"line":67},"4":{"name":"(anonymous_4)","decl":{"start":{"line":112,"column":43},"end":{"line":112,"column":44}},"loc":{"start":{"line":112,"column":63},"end":{"line":162,"column":1}},"line":112},"5":{"name":"(anonymous_5)","decl":{"start":{"line":136,"column":43},"end":{"line":136,"column":44}},"loc":{"start":{"line":136,"column":54},"end":{"line":136,"column":73}},"line":136},"6":{"name":"(anonymous_6)","decl":{"start":{"line":165,"column":43},"end":{"line":165,"column":44}},"loc":{"start":{"line":165,"column":63},"end":{"line":202,"column":1}},"line":165},"7":{"name":"(anonymous_7)","decl":{"start":{"line":205,"column":31},"end":{"line":205,"column":32}},"loc":{"start":{"line":205,"column":51},"end":{"line":240,"column":1}},"line":205},"8":{"name":"(anonymous_8)","decl":{"start":{"line":243,"column":22},"end":{"line":243,"column":23}},"loc":{"start":{"line":243,"column":42},"end":{"line":250,"column":1}},"line":243},"9":{"name":"(anonymous_9)","decl":{"start":{"line":253,"column":37},"end":{"line":253,"column":38}},"loc":{"start":{"line":253,"column":57},"end":{"line":285,"column":1}},"line":253},"10":{"name":"(anonymous_10)","decl":{"start":{"line":288,"column":48},"end":{"line":288,"column":49}},"loc":{"start":{"line":288,"column":68},"end":{"line":311,"column":1}},"line":288},"11":{"name":"(anonymous_11)","decl":{"start":{"line":314,"column":40},"end":{"line":314,"column":41}},"loc":{"start":{"line":314,"column":60},"end":{"line":351,"column":1}},"line":314},"12":{"name":"(anonymous_12)","decl":{"start":{"line":354,"column":25},"end":{"line":354,"column":26}},"loc":{"start":{"line":354,"column":45},"end":{"line":388,"column":1}},"line":354}},"branchMap":{"0":{"loc":{"start":{"line":10,"column":0},"end":{"line":14,"column":1}},"type":"if","locations":[{"start":{"line":10,"column":0},"end":{"line":14,"column":1}},{"start":{},"end":{}}],"line":10},"1":{"loc":{"start":{"line":37,"column":2},"end":{"line":39,"column":3}},"type":"if","locations":[{"start":{"line":37,"column":2},"end":{"line":39,"column":3}},{"start":{},"end":{}}],"line":37},"2":{"loc":{"start":{"line":37,"column":6},"end":{"line":37,"column":47}},"type":"binary-expr","locations":[{"start":{"line":37,"column":6},"end":{"line":37,"column":15}},{"start":{"line":37,"column":19},"end":{"line":37,"column":33}},{"start":{"line":37,"column":37},"end":{"line":37,"column":47}}],"line":37},"3":{"loc":{"start":{"line":47,"column":4},"end":{"line":49,"column":5}},"type":"if","locations":[{"start":{"line":47,"column":4},"end":{"line":49,"column":5}},{"start":{},"end":{}}],"line":47},"4":{"loc":{"start":{"line":71,"column":2},"end":{"line":73,"column":3}},"type":"if","locations":[{"start":{"line":71,"column":2},"end":{"line":73,"column":3}},{"start":{},"end":{}}],"line":71},"5":{"loc":{"start":{"line":71,"column":6},"end":{"line":71,"column":38}},"type":"binary-expr","locations":[{"start":{"line":71,"column":6},"end":{"line":71,"column":15}},{"start":{"line":71,"column":19},"end":{"line":71,"column":29}},{"start":{"line":71,"column":33},"end":{"line":71,"column":38}}],"line":71},"6":{"loc":{"start":{"line":81,"column":4},"end":{"line":83,"column":5}},"type":"if","locations":[{"start":{"line":81,"column":4},"end":{"line":83,"column":5}},{"start":{},"end":{}}],"line":81},"7":{"loc":{"start":{"line":90,"column":4},"end":{"line":92,"column":5}},"type":"if","locations":[{"start":{"line":90,"column":4},"end":{"line":92,"column":5}},{"start":{},"end":{}}],"line":90},"8":{"loc":{"start":{"line":116,"column":2},"end":{"line":118,"column":3}},"type":"if","locations":[{"start":{"line":116,"column":2},"end":{"line":118,"column":3}},{"start":{},"end":{}}],"line":116},"9":{"loc":{"start":{"line":126,"column":4},"end":{"line":128,"column":5}},"type":"if","locations":[{"start":{"line":126,"column":4},"end":{"line":128,"column":5}},{"start":{},"end":{}}],"line":126},"10":{"loc":{"start":{"line":169,"column":2},"end":{"line":171,"column":3}},"type":"if","locations":[{"start":{"line":169,"column":2},"end":{"line":171,"column":3}},{"start":{},"end":{}}],"line":169},"11":{"loc":{"start":{"line":179,"column":4},"end":{"line":181,"column":5}},"type":"if","locations":[{"start":{"line":179,"column":4},"end":{"line":181,"column":5}},{"start":{},"end":{}}],"line":179},"12":{"loc":{"start":{"line":209,"column":2},"end":{"line":211,"column":3}},"type":"if","locations":[{"start":{"line":209,"column":2},"end":{"line":211,"column":3}},{"start":{},"end":{}}],"line":209},"13":{"loc":{"start":{"line":209,"column":6},"end":{"line":209,"column":38}},"type":"binary-expr","locations":[{"start":{"line":209,"column":6},"end":{"line":209,"column":15}},{"start":{"line":209,"column":19},"end":{"line":209,"column":29}},{"start":{"line":209,"column":33},"end":{"line":209,"column":38}}],"line":209},"14":{"loc":{"start":{"line":216,"column":4},"end":{"line":216,"column":50}},"type":"if","locations":[{"start":{"line":216,"column":4},"end":{"line":216,"column":50}},{"start":{},"end":{}}],"line":216},"15":{"loc":{"start":{"line":217,"column":4},"end":{"line":217,"column":53}},"type":"if","locations":[{"start":{"line":217,"column":4},"end":{"line":217,"column":53}},{"start":{},"end":{}}],"line":217},"16":{"loc":{"start":{"line":218,"column":4},"end":{"line":218,"column":38}},"type":"if","locations":[{"start":{"line":218,"column":4},"end":{"line":218,"column":38}},{"start":{},"end":{}}],"line":218},"17":{"loc":{"start":{"line":225,"column":4},"end":{"line":227,"column":5}},"type":"if","locations":[{"start":{"line":225,"column":4},"end":{"line":227,"column":5}},{"start":{},"end":{}}],"line":225},"18":{"loc":{"start":{"line":257,"column":2},"end":{"line":259,"column":3}},"type":"if","locations":[{"start":{"line":257,"column":2},"end":{"line":259,"column":3}},{"start":{},"end":{}}],"line":257},"19":{"loc":{"start":{"line":267,"column":4},"end":{"line":269,"column":5}},"type":"if","locations":[{"start":{"line":267,"column":4},"end":{"line":269,"column":5}},{"start":{},"end":{}}],"line":267},"20":{"loc":{"start":{"line":276,"column":4},"end":{"line":278,"column":5}},"type":"if","locations":[{"start":{"line":276,"column":4},"end":{"line":278,"column":5}},{"start":{},"end":{}}],"line":276},"21":{"loc":{"start":{"line":292,"column":2},"end":{"line":294,"column":3}},"type":"if","locations":[{"start":{"line":292,"column":2},"end":{"line":294,"column":3}},{"start":{},"end":{}}],"line":292},"22":{"loc":{"start":{"line":302,"column":4},"end":{"line":304,"column":5}},"type":"if","locations":[{"start":{"line":302,"column":4},"end":{"line":304,"column":5}},{"start":{},"end":{}}],"line":302},"23":{"loc":{"start":{"line":318,"column":2},"end":{"line":320,"column":3}},"type":"if","locations":[{"start":{"line":318,"column":2},"end":{"line":320,"column":3}},{"start":{},"end":{}}],"line":318},"24":{"loc":{"start":{"line":328,"column":4},"end":{"line":330,"column":5}},"type":"if","locations":[{"start":{"line":328,"column":4},"end":{"line":330,"column":5}},{"start":{},"end":{}}],"line":328},"25":{"loc":{"start":{"line":342,"column":4},"end":{"line":344,"column":5}},"type":"if","locations":[{"start":{"line":342,"column":4},"end":{"line":344,"column":5}},{"start":{},"end":{}}],"line":342},"26":{"loc":{"start":{"line":358,"column":2},"end":{"line":360,"column":3}},"type":"if","locations":[{"start":{"line":358,"column":2},"end":{"line":360,"column":3}},{"start":{},"end":{}}],"line":358},"27":{"loc":{"start":{"line":361,"column":2},"end":{"line":363,"column":3}},"type":"if","locations":[{"start":{"line":361,"column":2},"end":{"line":363,"column":3}},{"start":{},"end":{}}],"line":361},"28":{"loc":{"start":{"line":361,"column":6},"end":{"line":361,"column":49}},"type":"binary-expr","locations":[{"start":{"line":361,"column":6},"end":{"line":361,"column":16}},{"start":{"line":361,"column":20},"end":{"line":361,"column":49}}],"line":361},"29":{"loc":{"start":{"line":371,"column":4},"end":{"line":373,"column":5}},"type":"if","locations":[{"start":{"line":371,"column":4},"end":{"line":373,"column":5}},{"start":{},"end":{}}],"line":371}},"s":{"0":1,"1":1,"2":1,"3":1,"4":1,"5":1,"6":0,"7":0,"8":1,"9":1,"10":1,"11":1,"12":1,"13":0,"14":1,"15":2,"16":2,"17":0,"18":2,"19":2,"20":2,"21":1,"22":1,"23":1,"24":0,"25":1,"26":2,"27":2,"28":0,"29":2,"30":2,"31":2,"32":1,"33":1,"34":1,"35":0,"36":1,"37":1,"38":0,"39":1,"40":1,"41":1,"42":0,"43":1,"44":1,"45":1,"46":0,"47":1,"48":1,"49":0,"50":1,"51":1,"52":1,"53":1,"54":0,"55":1,"56":1,"57":1,"58":0,"59":1,"60":1,"61":1,"62":0,"63":1,"64":1,"65":1,"66":0,"67":1,"68":2,"69":2,"70":1,"71":1,"72":1,"73":1,"74":1,"75":1,"76":0,"77":1,"78":1,"79":1,"80":1,"81":0,"82":1,"83":1,"84":0,"85":1,"86":1,"87":1,"88":1,"89":0,"90":1,"91":1,"92":1,"93":0,"94":1,"95":1,"96":1,"97":0,"98":1,"99":1,"100":0,"101":1,"102":0,"103":1,"104":0,"105":0,"106":0,"107":0,"108":0,"109":0,"110":0,"111":0,"112":0,"113":1,"114":2,"115":2,"116":0,"117":2,"118":2,"119":2,"120":0,"121":2,"122":2,"123":1,"124":1,"125":0,"126":1,"127":0,"128":0,"129":0,"130":0,"131":0,"132":0,"133":0,"134":0,"135":0,"136":0,"137":0,"138":0,"139":1},"f":{"0":0,"1":1,"2":2,"3":2,"4":1,"5":0,"6":1,"7":2,"8":1,"9":1,"10":0,"11":2,"12":0},"b":{"0":[0,1],"1":[0,2],"2":[2,2,2],"3":[1,1],"4":[0,2],"5":[2,2,2],"6":[1,1],"7":[0,1],"8":[0,1],"9":[0,1],"10":[0,1],"11":[0,1],"12":[1,1],"13":[2,1,1],"14":[1,0],"15":[0,1],"16":[1,0],"17":[0,1],"18":[0,1],"19":[0,1],"20":[0,1],"21":[0,0],"22":[0,0],"23":[0,2],"24":[0,2],"25":[1,1],"26":[0,0],"27":[0,0],"28":[0,0],"29":[0,0]},"_coverageSchema":"1a1c01bbd47fc00a2c39e90264f33305004495a9","hash":"456a553927fbdb36e3dc5f5d5f896794dcf9d9ab"}
}
