{"C:\\Users\\acury\\OneDrive\\Área de Trabalho\\DadoBasico_Backend\\index.js": {"path":"C:\\Users\\acury\\OneDrive\\Área de Trabalho\\DadoBasico_Backend\\index.js","statementMap":{"0":{"start":{"line":1,"column":16},"end":{"line":1,"column":34}},"1":{"start":{"line":2,"column":25},"end":{"line":2,"column":50}},"2":{"start":{"line":4,"column":12},"end":{"line":4,"column":21}},"3":{"start":{"line":5,"column":15},"end":{"line":5,"column":33}},"4":{"start":{"line":7,"column":13},"end":{"line":7,"column":28}},"5":{"start":{"line":8,"column":0},"end":{"line":8,"column":16}},"6":{"start":{"line":10,"column":0},"end":{"line":10,"column":24}},"7":{"start":{"line":13,"column":0},"end":{"line":17,"column":1}},"8":{"start":{"line":14,"column":2},"end":{"line":16,"column":5}},"9":{"start":{"line":15,"column":4},"end":{"line":15,"column":61}},"10":{"start":{"line":19,"column":0},"end":{"line":32,"column":3}},"11":{"start":{"line":20,"column":2},"end":{"line":20,"column":48}},"12":{"start":{"line":21,"column":39},"end":{"line":21,"column":47}},"13":{"start":{"line":23,"column":2},"end":{"line":31,"column":3}},"14":{"start":{"line":24,"column":19},"end":{"line":26,"column":6}},"15":{"start":{"line":27,"column":4},"end":{"line":27,"column":33}},"16":{"start":{"line":29,"column":4},"end":{"line":29,"column":58}},"17":{"start":{"line":30,"column":4},"end":{"line":30,"column":51}},"18":{"start":{"line":35,"column":0},"end":{"line":66,"column":3}},"19":{"start":{"line":36,"column":49},"end":{"line":36,"column":57}},"20":{"start":{"line":39,"column":2},"end":{"line":41,"column":3}},"21":{"start":{"line":40,"column":4},"end":{"line":40,"column":102}},"22":{"start":{"line":43,"column":2},"end":{"line":65,"column":3}},"23":{"start":{"line":45,"column":19},"end":{"line":47,"column":6}},"24":{"start":{"line":49,"column":4},"end":{"line":51,"column":5}},"25":{"start":{"line":50,"column":6},"end":{"line":50,"column":71}},"26":{"start":{"line":54,"column":18},"end":{"line":60,"column":6}},"27":{"start":{"line":62,"column":4},"end":{"line":62,"column":32}},"28":{"start":{"line":64,"column":4},"end":{"line":64,"column":51}},"29":{"start":{"line":69,"column":0},"end":{"line":109,"column":3}},"30":{"start":{"line":70,"column":40},"end":{"line":70,"column":48}},"31":{"start":{"line":73,"column":2},"end":{"line":75,"column":3}},"32":{"start":{"line":74,"column":4},"end":{"line":74,"column":93}},"33":{"start":{"line":77,"column":2},"end":{"line":108,"column":3}},"34":{"start":{"line":79,"column":19},"end":{"line":81,"column":6}},"35":{"start":{"line":83,"column":4},"end":{"line":85,"column":5}},"36":{"start":{"line":84,"column":6},"end":{"line":84,"column":80}},"37":{"start":{"line":88,"column":20},"end":{"line":90,"column":6}},"38":{"start":{"line":92,"column":4},"end":{"line":94,"column":5}},"39":{"start":{"line":93,"column":6},"end":{"line":93,"column":81}},"40":{"start":{"line":97,"column":20},"end":{"line":103,"column":6}},"41":{"start":{"line":105,"column":4},"end":{"line":105,"column":34}},"42":{"start":{"line":107,"column":4},"end":{"line":107,"column":51}},"43":{"start":{"line":114,"column":0},"end":{"line":164,"column":3}},"44":{"start":{"line":115,"column":28},"end":{"line":115,"column":38}},"45":{"start":{"line":118,"column":2},"end":{"line":120,"column":3}},"46":{"start":{"line":119,"column":4},"end":{"line":119,"column":87}},"47":{"start":{"line":122,"column":2},"end":{"line":163,"column":3}},"48":{"start":{"line":124,"column":19},"end":{"line":126,"column":6}},"49":{"start":{"line":128,"column":4},"end":{"line":130,"column":5}},"50":{"start":{"line":129,"column":6},"end":{"line":129,"column":71}},"51":{"start":{"line":133,"column":29},"end":{"line":135,"column":6}},"52":{"start":{"line":138,"column":22},"end":{"line":138,"column":74}},"53":{"start":{"line":138,"column":54},"end":{"line":138,"column":73}},"54":{"start":{"line":139,"column":4},"end":{"line":146,"column":7}},"55":{"start":{"line":149,"column":4},"end":{"line":151,"column":7}},"56":{"start":{"line":154,"column":4},"end":{"line":156,"column":7}},"57":{"start":{"line":158,"column":4},"end":{"line":160,"column":7}},"58":{"start":{"line":162,"column":4},"end":{"line":162,"column":51}},"59":{"start":{"line":167,"column":0},"end":{"line":204,"column":3}},"60":{"start":{"line":168,"column":28},"end":{"line":168,"column":38}},"61":{"start":{"line":171,"column":2},"end":{"line":173,"column":3}},"62":{"start":{"line":172,"column":4},"end":{"line":172,"column":86}},"63":{"start":{"line":175,"column":2},"end":{"line":203,"column":3}},"64":{"start":{"line":177,"column":18},"end":{"line":179,"column":6}},"65":{"start":{"line":181,"column":4},"end":{"line":183,"column":5}},"66":{"start":{"line":182,"column":6},"end":{"line":182,"column":70}},"67":{"start":{"line":186,"column":4},"end":{"line":193,"column":7}},"68":{"start":{"line":196,"column":4},"end":{"line":198,"column":7}},"69":{"start":{"line":200,"column":4},"end":{"line":200,"column":122}},"70":{"start":{"line":202,"column":4},"end":{"line":202,"column":51}},"71":{"start":{"line":207,"column":0},"end":{"line":242,"column":3}},"72":{"start":{"line":208,"column":40},"end":{"line":208,"column":48}},"73":{"start":{"line":211,"column":2},"end":{"line":213,"column":3}},"74":{"start":{"line":212,"column":4},"end":{"line":212,"column":110}},"75":{"start":{"line":215,"column":2},"end":{"line":241,"column":3}},"76":{"start":{"line":217,"column":24},"end":{"line":217,"column":26}},"77":{"start":{"line":218,"column":4},"end":{"line":218,"column":50}},"78":{"start":{"line":218,"column":18},"end":{"line":218,"column":50}},"79":{"start":{"line":219,"column":4},"end":{"line":219,"column":53}},"80":{"start":{"line":219,"column":19},"end":{"line":219,"column":53}},"81":{"start":{"line":220,"column":4},"end":{"line":220,"column":38}},"82":{"start":{"line":220,"column":14},"end":{"line":220,"column":38}},"83":{"start":{"line":223,"column":31},"end":{"line":225,"column":6}},"84":{"start":{"line":227,"column":4},"end":{"line":229,"column":5}},"85":{"start":{"line":228,"column":6},"end":{"line":228,"column":103}},"86":{"start":{"line":232,"column":4},"end":{"line":234,"column":7}},"87":{"start":{"line":236,"column":4},"end":{"line":238,"column":7}},"88":{"start":{"line":240,"column":4},"end":{"line":240,"column":51}},"89":{"start":{"line":245,"column":0},"end":{"line":252,"column":3}},"90":{"start":{"line":246,"column":2},"end":{"line":251,"column":3}},"91":{"start":{"line":247,"column":20},"end":{"line":247,"column":50}},"92":{"start":{"line":248,"column":4},"end":{"line":248,"column":34}},"93":{"start":{"line":250,"column":4},"end":{"line":250,"column":51}},"94":{"start":{"line":255,"column":0},"end":{"line":287,"column":3}},"95":{"start":{"line":256,"column":28},"end":{"line":256,"column":38}},"96":{"start":{"line":259,"column":2},"end":{"line":261,"column":3}},"97":{"start":{"line":260,"column":4},"end":{"line":260,"column":87}},"98":{"start":{"line":263,"column":2},"end":{"line":286,"column":3}},"99":{"start":{"line":265,"column":19},"end":{"line":267,"column":6}},"100":{"start":{"line":269,"column":4},"end":{"line":271,"column":5}},"101":{"start":{"line":270,"column":6},"end":{"line":270,"column":71}},"102":{"start":{"line":274,"column":19},"end":{"line":276,"column":6}},"103":{"start":{"line":278,"column":4},"end":{"line":280,"column":5}},"104":{"start":{"line":279,"column":6},"end":{"line":279,"column":90}},"105":{"start":{"line":283,"column":4},"end":{"line":283,"column":33}},"106":{"start":{"line":285,"column":4},"end":{"line":285,"column":51}},"107":{"start":{"line":290,"column":0},"end":{"line":313,"column":3}},"108":{"start":{"line":291,"column":28},"end":{"line":291,"column":38}},"109":{"start":{"line":294,"column":2},"end":{"line":296,"column":3}},"110":{"start":{"line":295,"column":4},"end":{"line":295,"column":87}},"111":{"start":{"line":298,"column":2},"end":{"line":312,"column":3}},"112":{"start":{"line":300,"column":19},"end":{"line":302,"column":6}},"113":{"start":{"line":304,"column":4},"end":{"line":306,"column":5}},"114":{"start":{"line":305,"column":6},"end":{"line":305,"column":71}},"115":{"start":{"line":309,"column":4},"end":{"line":309,"column":43}},"116":{"start":{"line":311,"column":4},"end":{"line":311,"column":51}},"117":{"start":{"line":316,"column":0},"end":{"line":353,"column":3}},"118":{"start":{"line":317,"column":28},"end":{"line":317,"column":38}},"119":{"start":{"line":320,"column":2},"end":{"line":322,"column":3}},"120":{"start":{"line":321,"column":4},"end":{"line":321,"column":86}},"121":{"start":{"line":324,"column":2},"end":{"line":352,"column":3}},"122":{"start":{"line":326,"column":18},"end":{"line":328,"column":6}},"123":{"start":{"line":330,"column":4},"end":{"line":332,"column":5}},"124":{"start":{"line":331,"column":6},"end":{"line":331,"column":70}},"125":{"start":{"line":335,"column":21},"end":{"line":342,"column":6}},"126":{"start":{"line":344,"column":4},"end":{"line":346,"column":5}},"127":{"start":{"line":345,"column":6},"end":{"line":345,"column":91}},"128":{"start":{"line":349,"column":4},"end":{"line":349,"column":35}},"129":{"start":{"line":351,"column":4},"end":{"line":351,"column":51}},"130":{"start":{"line":356,"column":0},"end":{"line":390,"column":3}},"131":{"start":{"line":357,"column":39},"end":{"line":357,"column":47}},"132":{"start":{"line":360,"column":2},"end":{"line":362,"column":3}},"133":{"start":{"line":361,"column":4},"end":{"line":361,"column":86}},"134":{"start":{"line":363,"column":2},"end":{"line":365,"column":3}},"135":{"start":{"line":364,"column":4},"end":{"line":364,"column":102}},"136":{"start":{"line":367,"column":2},"end":{"line":389,"column":3}},"137":{"start":{"line":369,"column":18},"end":{"line":371,"column":6}},"138":{"start":{"line":373,"column":4},"end":{"line":375,"column":5}},"139":{"start":{"line":374,"column":6},"end":{"line":374,"column":70}},"140":{"start":{"line":378,"column":25},"end":{"line":381,"column":6}},"141":{"start":{"line":383,"column":4},"end":{"line":386,"column":7}},"142":{"start":{"line":388,"column":4},"end":{"line":388,"column":83}},"143":{"start":{"line":392,"column":0},"end":{"line":392,"column":21}}},"fnMap":{"0":{"name":"(anonymous_0)","decl":{"start":{"line":14,"column":19},"end":{"line":14,"column":20}},"loc":{"start":{"line":14,"column":25},"end":{"line":16,"column":3}},"line":14},"1":{"name":"(anonymous_1)","decl":{"start":{"line":19,"column":26},"end":{"line":19,"column":27}},"loc":{"start":{"line":19,"column":46},"end":{"line":32,"column":1}},"line":19},"2":{"name":"(anonymous_2)","decl":{"start":{"line":35,"column":26},"end":{"line":35,"column":27}},"loc":{"start":{"line":35,"column":46},"end":{"line":66,"column":1}},"line":35},"3":{"name":"(anonymous_3)","decl":{"start":{"line":69,"column":28},"end":{"line":69,"column":29}},"loc":{"start":{"line":69,"column":48},"end":{"line":109,"column":1}},"line":69},"4":{"name":"(anonymous_4)","decl":{"start":{"line":114,"column":43},"end":{"line":114,"column":44}},"loc":{"start":{"line":114,"column":63},"end":{"line":164,"column":1}},"line":114},"5":{"name":"(anonymous_5)","decl":{"start":{"line":138,"column":43},"end":{"line":138,"column":44}},"loc":{"start":{"line":138,"column":54},"end":{"line":138,"column":73}},"line":138},"6":{"name":"(anonymous_6)","decl":{"start":{"line":167,"column":43},"end":{"line":167,"column":44}},"loc":{"start":{"line":167,"column":63},"end":{"line":204,"column":1}},"line":167},"7":{"name":"(anonymous_7)","decl":{"start":{"line":207,"column":31},"end":{"line":207,"column":32}},"loc":{"start":{"line":207,"column":51},"end":{"line":242,"column":1}},"line":207},"8":{"name":"(anonymous_8)","decl":{"start":{"line":245,"column":22},"end":{"line":245,"column":23}},"loc":{"start":{"line":245,"column":42},"end":{"line":252,"column":1}},"line":245},"9":{"name":"(anonymous_9)","decl":{"start":{"line":255,"column":37},"end":{"line":255,"column":38}},"loc":{"start":{"line":255,"column":57},"end":{"line":287,"column":1}},"line":255},"10":{"name":"(anonymous_10)","decl":{"start":{"line":290,"column":48},"end":{"line":290,"column":49}},"loc":{"start":{"line":290,"column":68},"end":{"line":313,"column":1}},"line":290},"11":{"name":"(anonymous_11)","decl":{"start":{"line":316,"column":40},"end":{"line":316,"column":41}},"loc":{"start":{"line":316,"column":60},"end":{"line":353,"column":1}},"line":316},"12":{"name":"(anonymous_12)","decl":{"start":{"line":356,"column":25},"end":{"line":356,"column":26}},"loc":{"start":{"line":356,"column":45},"end":{"line":390,"column":1}},"line":356}},"branchMap":{"0":{"loc":{"start":{"line":13,"column":0},"end":{"line":17,"column":1}},"type":"if","locations":[{"start":{"line":13,"column":0},"end":{"line":17,"column":1}},{"start":{},"end":{}}],"line":13},"1":{"loc":{"start":{"line":39,"column":2},"end":{"line":41,"column":3}},"type":"if","locations":[{"start":{"line":39,"column":2},"end":{"line":41,"column":3}},{"start":{},"end":{}}],"line":39},"2":{"loc":{"start":{"line":39,"column":6},"end":{"line":39,"column":47}},"type":"binary-expr","locations":[{"start":{"line":39,"column":6},"end":{"line":39,"column":15}},{"start":{"line":39,"column":19},"end":{"line":39,"column":33}},{"start":{"line":39,"column":37},"end":{"line":39,"column":47}}],"line":39},"3":{"loc":{"start":{"line":49,"column":4},"end":{"line":51,"column":5}},"type":"if","locations":[{"start":{"line":49,"column":4},"end":{"line":51,"column":5}},{"start":{},"end":{}}],"line":49},"4":{"loc":{"start":{"line":73,"column":2},"end":{"line":75,"column":3}},"type":"if","locations":[{"start":{"line":73,"column":2},"end":{"line":75,"column":3}},{"start":{},"end":{}}],"line":73},"5":{"loc":{"start":{"line":73,"column":6},"end":{"line":73,"column":38}},"type":"binary-expr","locations":[{"start":{"line":73,"column":6},"end":{"line":73,"column":15}},{"start":{"line":73,"column":19},"end":{"line":73,"column":29}},{"start":{"line":73,"column":33},"end":{"line":73,"column":38}}],"line":73},"6":{"loc":{"start":{"line":83,"column":4},"end":{"line":85,"column":5}},"type":"if","locations":[{"start":{"line":83,"column":4},"end":{"line":85,"column":5}},{"start":{},"end":{}}],"line":83},"7":{"loc":{"start":{"line":92,"column":4},"end":{"line":94,"column":5}},"type":"if","locations":[{"start":{"line":92,"column":4},"end":{"line":94,"column":5}},{"start":{},"end":{}}],"line":92},"8":{"loc":{"start":{"line":118,"column":2},"end":{"line":120,"column":3}},"type":"if","locations":[{"start":{"line":118,"column":2},"end":{"line":120,"column":3}},{"start":{},"end":{}}],"line":118},"9":{"loc":{"start":{"line":128,"column":4},"end":{"line":130,"column":5}},"type":"if","locations":[{"start":{"line":128,"column":4},"end":{"line":130,"column":5}},{"start":{},"end":{}}],"line":128},"10":{"loc":{"start":{"line":171,"column":2},"end":{"line":173,"column":3}},"type":"if","locations":[{"start":{"line":171,"column":2},"end":{"line":173,"column":3}},{"start":{},"end":{}}],"line":171},"11":{"loc":{"start":{"line":181,"column":4},"end":{"line":183,"column":5}},"type":"if","locations":[{"start":{"line":181,"column":4},"end":{"line":183,"column":5}},{"start":{},"end":{}}],"line":181},"12":{"loc":{"start":{"line":211,"column":2},"end":{"line":213,"column":3}},"type":"if","locations":[{"start":{"line":211,"column":2},"end":{"line":213,"column":3}},{"start":{},"end":{}}],"line":211},"13":{"loc":{"start":{"line":211,"column":6},"end":{"line":211,"column":38}},"type":"binary-expr","locations":[{"start":{"line":211,"column":6},"end":{"line":211,"column":15}},{"start":{"line":211,"column":19},"end":{"line":211,"column":29}},{"start":{"line":211,"column":33},"end":{"line":211,"column":38}}],"line":211},"14":{"loc":{"start":{"line":218,"column":4},"end":{"line":218,"column":50}},"type":"if","locations":[{"start":{"line":218,"column":4},"end":{"line":218,"column":50}},{"start":{},"end":{}}],"line":218},"15":{"loc":{"start":{"line":219,"column":4},"end":{"line":219,"column":53}},"type":"if","locations":[{"start":{"line":219,"column":4},"end":{"line":219,"column":53}},{"start":{},"end":{}}],"line":219},"16":{"loc":{"start":{"line":220,"column":4},"end":{"line":220,"column":38}},"type":"if","locations":[{"start":{"line":220,"column":4},"end":{"line":220,"column":38}},{"start":{},"end":{}}],"line":220},"17":{"loc":{"start":{"line":227,"column":4},"end":{"line":229,"column":5}},"type":"if","locations":[{"start":{"line":227,"column":4},"end":{"line":229,"column":5}},{"start":{},"end":{}}],"line":227},"18":{"loc":{"start":{"line":259,"column":2},"end":{"line":261,"column":3}},"type":"if","locations":[{"start":{"line":259,"column":2},"end":{"line":261,"column":3}},{"start":{},"end":{}}],"line":259},"19":{"loc":{"start":{"line":269,"column":4},"end":{"line":271,"column":5}},"type":"if","locations":[{"start":{"line":269,"column":4},"end":{"line":271,"column":5}},{"start":{},"end":{}}],"line":269},"20":{"loc":{"start":{"line":278,"column":4},"end":{"line":280,"column":5}},"type":"if","locations":[{"start":{"line":278,"column":4},"end":{"line":280,"column":5}},{"start":{},"end":{}}],"line":278},"21":{"loc":{"start":{"line":294,"column":2},"end":{"line":296,"column":3}},"type":"if","locations":[{"start":{"line":294,"column":2},"end":{"line":296,"column":3}},{"start":{},"end":{}}],"line":294},"22":{"loc":{"start":{"line":304,"column":4},"end":{"line":306,"column":5}},"type":"if","locations":[{"start":{"line":304,"column":4},"end":{"line":306,"column":5}},{"start":{},"end":{}}],"line":304},"23":{"loc":{"start":{"line":320,"column":2},"end":{"line":322,"column":3}},"type":"if","locations":[{"start":{"line":320,"column":2},"end":{"line":322,"column":3}},{"start":{},"end":{}}],"line":320},"24":{"loc":{"start":{"line":330,"column":4},"end":{"line":332,"column":5}},"type":"if","locations":[{"start":{"line":330,"column":4},"end":{"line":332,"column":5}},{"start":{},"end":{}}],"line":330},"25":{"loc":{"start":{"line":344,"column":4},"end":{"line":346,"column":5}},"type":"if","locations":[{"start":{"line":344,"column":4},"end":{"line":346,"column":5}},{"start":{},"end":{}}],"line":344},"26":{"loc":{"start":{"line":360,"column":2},"end":{"line":362,"column":3}},"type":"if","locations":[{"start":{"line":360,"column":2},"end":{"line":362,"column":3}},{"start":{},"end":{}}],"line":360},"27":{"loc":{"start":{"line":363,"column":2},"end":{"line":365,"column":3}},"type":"if","locations":[{"start":{"line":363,"column":2},"end":{"line":365,"column":3}},{"start":{},"end":{}}],"line":363},"28":{"loc":{"start":{"line":363,"column":6},"end":{"line":363,"column":49}},"type":"binary-expr","locations":[{"start":{"line":363,"column":6},"end":{"line":363,"column":16}},{"start":{"line":363,"column":20},"end":{"line":363,"column":49}}],"line":363},"29":{"loc":{"start":{"line":373,"column":4},"end":{"line":375,"column":5}},"type":"if","locations":[{"start":{"line":373,"column":4},"end":{"line":375,"column":5}},{"start":{},"end":{}}],"line":373}},"s":{"0":1,"1":1,"2":1,"3":1,"4":1,"5":1,"6":1,"7":1,"8":0,"9":0,"10":1,"11":1,"12":1,"13":1,"14":1,"15":1,"16":0,"17":0,"18":1,"19":2,"20":2,"21":0,"22":2,"23":2,"24":2,"25":1,"26":1,"27":1,"28":0,"29":1,"30":2,"31":2,"32":0,"33":2,"34":2,"35":2,"36":1,"37":1,"38":1,"39":0,"40":1,"41":1,"42":0,"43":1,"44":1,"45":1,"46":0,"47":1,"48":1,"49":1,"50":0,"51":1,"52":1,"53":0,"54":1,"55":1,"56":1,"57":1,"58":0,"59":1,"60":1,"61":1,"62":0,"63":1,"64":1,"65":1,"66":0,"67":1,"68":1,"69":1,"70":0,"71":1,"72":2,"73":2,"74":1,"75":1,"76":1,"77":1,"78":1,"79":1,"80":0,"81":1,"82":1,"83":1,"84":1,"85":0,"86":1,"87":1,"88":0,"89":1,"90":1,"91":1,"92":1,"93":0,"94":1,"95":1,"96":1,"97":0,"98":1,"99":1,"100":1,"101":0,"102":1,"103":1,"104":0,"105":1,"106":0,"107":1,"108":0,"109":0,"110":0,"111":0,"112":0,"113":0,"114":0,"115":0,"116":0,"117":1,"118":2,"119":2,"120":0,"121":2,"122":2,"123":2,"124":0,"125":2,"126":2,"127":1,"128":1,"129":0,"130":1,"131":0,"132":0,"133":0,"134":0,"135":0,"136":0,"137":0,"138":0,"139":0,"140":0,"141":0,"142":0,"143":1},"f":{"0":0,"1":1,"2":2,"3":2,"4":1,"5":0,"6":1,"7":2,"8":1,"9":1,"10":0,"11":2,"12":0},"b":{"0":[0,1],"1":[0,2],"2":[2,2,2],"3":[1,1],"4":[0,2],"5":[2,2,2],"6":[1,1],"7":[0,1],"8":[0,1],"9":[0,1],"10":[0,1],"11":[0,1],"12":[1,1],"13":[2,1,1],"14":[1,0],"15":[0,1],"16":[1,0],"17":[0,1],"18":[0,1],"19":[0,1],"20":[0,1],"21":[0,0],"22":[0,0],"23":[0,2],"24":[0,2],"25":[1,1],"26":[0,0],"27":[0,0],"28":[0,0],"29":[0,0]},"_coverageSchema":"1a1c01bbd47fc00a2c39e90264f33305004495a9","hash":"00d538e2dfe68e54a76312602d316870c2da4807"}
}
