TN:
SF:index.js
FN:11,(anonymous_0)
FN:16,(anonymous_1)
FN:33,(anonymous_2)
FN:67,(anonymous_3)
FN:112,(anonymous_4)
FN:136,(anonymous_5)
FN:165,(anonymous_6)
FN:205,(anonymous_7)
FN:243,(anonymous_8)
FN:253,(anonymous_9)
FN:288,(anonymous_10)
FN:314,(anonymous_11)
FN:354,(anonymous_12)
FNF:13
FNH:9
FNDA:0,(anonymous_0)
FNDA:1,(anonymous_1)
FNDA:2,(anonymous_2)
FNDA:2,(anonymous_3)
FNDA:1,(anonymous_4)
FNDA:0,(anonymous_5)
FNDA:1,(anonymous_6)
FNDA:2,(anonymous_7)
FNDA:1,(anonymous_8)
FNDA:1,(anonymous_9)
FNDA:0,(anonymous_10)
FNDA:2,(anonymous_11)
FNDA:0,(anonymous_12)
DA:1,1
DA:2,1
DA:4,1
DA:5,1
DA:7,1
DA:10,1
DA:11,0
DA:12,0
DA:16,1
DA:17,1
DA:19,1
DA:20,1
DA:26,1
DA:28,0
DA:33,1
DA:34,2
DA:37,2
DA:38,0
DA:41,2
DA:43,2
DA:47,2
DA:48,1
DA:52,1
DA:60,1
DA:62,0
DA:67,1
DA:68,2
DA:71,2
DA:72,0
DA:75,2
DA:77,2
DA:81,2
DA:82,1
DA:86,1
DA:90,1
DA:91,0
DA:95,1
DA:103,1
DA:105,0
DA:112,1
DA:113,1
DA:116,1
DA:117,0
DA:120,1
DA:122,1
DA:126,1
DA:127,0
DA:131,1
DA:136,1
DA:137,1
DA:147,1
DA:152,1
DA:156,1
DA:160,0
DA:165,1
DA:166,1
DA:169,1
DA:170,0
DA:173,1
DA:175,1
DA:179,1
DA:180,0
DA:184,1
DA:194,1
DA:198,1
DA:200,0
DA:205,1
DA:206,2
DA:209,2
DA:210,1
DA:213,1
DA:215,1
DA:216,1
DA:217,1
DA:218,1
DA:221,1
DA:225,1
DA:226,0
DA:230,1
DA:234,1
DA:238,0
DA:243,1
DA:244,1
DA:245,1
DA:246,1
DA:248,0
DA:253,1
DA:254,1
DA:257,1
DA:258,0
DA:261,1
DA:263,1
DA:267,1
DA:268,0
DA:272,1
DA:276,1
DA:277,0
DA:281,1
DA:283,0
DA:288,1
DA:289,0
DA:292,0
DA:293,0
DA:296,0
DA:298,0
DA:302,0
DA:303,0
DA:307,0
DA:309,0
DA:314,1
DA:315,2
DA:318,2
DA:319,0
DA:322,2
DA:324,2
DA:328,2
DA:329,0
DA:333,2
DA:342,2
DA:343,1
DA:347,1
DA:349,0
DA:354,1
DA:355,0
DA:358,0
DA:359,0
DA:361,0
DA:362,0
DA:365,0
DA:367,0
DA:371,0
DA:372,0
DA:376,0
DA:381,0
DA:386,0
DA:390,1
LF:136
LH:91
BRDA:10,0,0,0
BRDA:10,0,1,1
BRDA:37,1,0,0
BRDA:37,1,1,2
BRDA:37,2,0,2
BRDA:37,2,1,2
BRDA:37,2,2,2
BRDA:47,3,0,1
BRDA:47,3,1,1
BRDA:71,4,0,0
BRDA:71,4,1,2
BRDA:71,5,0,2
BRDA:71,5,1,2
BRDA:71,5,2,2
BRDA:81,6,0,1
BRDA:81,6,1,1
BRDA:90,7,0,0
BRDA:90,7,1,1
BRDA:116,8,0,0
BRDA:116,8,1,1
BRDA:126,9,0,0
BRDA:126,9,1,1
BRDA:169,10,0,0
BRDA:169,10,1,1
BRDA:179,11,0,0
BRDA:179,11,1,1
BRDA:209,12,0,1
BRDA:209,12,1,1
BRDA:209,13,0,2
BRDA:209,13,1,1
BRDA:209,13,2,1
BRDA:216,14,0,1
BRDA:216,14,1,0
BRDA:217,15,0,0
BRDA:217,15,1,1
BRDA:218,16,0,1
BRDA:218,16,1,0
BRDA:225,17,0,0
BRDA:225,17,1,1
BRDA:257,18,0,0
BRDA:257,18,1,1
BRDA:267,19,0,0
BRDA:267,19,1,1
BRDA:276,20,0,0
BRDA:276,20,1,1
BRDA:292,21,0,0
BRDA:292,21,1,0
BRDA:302,22,0,0
BRDA:302,22,1,0
BRDA:318,23,0,0
BRDA:318,23,1,2
BRDA:328,24,0,0
BRDA:328,24,1,2
BRDA:342,25,0,1
BRDA:342,25,1,1
BRDA:358,26,0,0
BRDA:358,26,1,0
BRDA:361,27,0,0
BRDA:361,27,1,0
BRDA:361,28,0,0
BRDA:361,28,1,0
BRDA:371,29,0,0
BRDA:371,29,1,0
BRF:63
BRH:34
end_of_record
