TN:
SF:index.js
FN:14,(anonymous_0)
FN:19,(anonymous_1)
FN:35,(anonymous_2)
FN:69,(anonymous_3)
FN:114,(anonymous_4)
FN:138,(anonymous_5)
FN:167,(anonymous_6)
FN:207,(anonymous_7)
FN:245,(anonymous_8)
FN:255,(anonymous_9)
FN:290,(anonymous_10)
FN:316,(anonymous_11)
FN:356,(anonymous_12)
FNF:13
FNH:9
FNDA:0,(anonymous_0)
FNDA:1,(anonymous_1)
FNDA:2,(anonymous_2)
FNDA:2,(anonymous_3)
FNDA:1,(anonymous_4)
FNDA:0,(anonymous_5)
FNDA:1,(anonymous_6)
FNDA:2,(anonymous_7)
FNDA:1,(anonymous_8)
FNDA:1,(anonymous_9)
FNDA:0,(anonymous_10)
FNDA:2,(anonymous_11)
FNDA:0,(anonymous_12)
DA:1,1
DA:2,1
DA:4,1
DA:5,1
DA:7,1
DA:8,1
DA:10,1
DA:13,1
DA:14,0
DA:15,0
DA:19,1
DA:20,1
DA:21,1
DA:23,1
DA:24,1
DA:27,1
DA:29,0
DA:30,0
DA:35,1
DA:36,2
DA:39,2
DA:40,0
DA:43,2
DA:45,2
DA:49,2
DA:50,1
DA:54,1
DA:62,1
DA:64,0
DA:69,1
DA:70,2
DA:73,2
DA:74,0
DA:77,2
DA:79,2
DA:83,2
DA:84,1
DA:88,1
DA:92,1
DA:93,0
DA:97,1
DA:105,1
DA:107,0
DA:114,1
DA:115,1
DA:118,1
DA:119,0
DA:122,1
DA:124,1
DA:128,1
DA:129,0
DA:133,1
DA:138,1
DA:139,1
DA:149,1
DA:154,1
DA:158,1
DA:162,0
DA:167,1
DA:168,1
DA:171,1
DA:172,0
DA:175,1
DA:177,1
DA:181,1
DA:182,0
DA:186,1
DA:196,1
DA:200,1
DA:202,0
DA:207,1
DA:208,2
DA:211,2
DA:212,1
DA:215,1
DA:217,1
DA:218,1
DA:219,1
DA:220,1
DA:223,1
DA:227,1
DA:228,0
DA:232,1
DA:236,1
DA:240,0
DA:245,1
DA:246,1
DA:247,1
DA:248,1
DA:250,0
DA:255,1
DA:256,1
DA:259,1
DA:260,0
DA:263,1
DA:265,1
DA:269,1
DA:270,0
DA:274,1
DA:278,1
DA:279,0
DA:283,1
DA:285,0
DA:290,1
DA:291,0
DA:294,0
DA:295,0
DA:298,0
DA:300,0
DA:304,0
DA:305,0
DA:309,0
DA:311,0
DA:316,1
DA:317,2
DA:320,2
DA:321,0
DA:324,2
DA:326,2
DA:330,2
DA:331,0
DA:335,2
DA:344,2
DA:345,1
DA:349,1
DA:351,0
DA:356,1
DA:357,0
DA:360,0
DA:361,0
DA:363,0
DA:364,0
DA:367,0
DA:369,0
DA:373,0
DA:374,0
DA:378,0
DA:383,0
DA:388,0
DA:392,1
LF:140
LH:94
BRDA:13,0,0,0
BRDA:13,0,1,1
BRDA:39,1,0,0
BRDA:39,1,1,2
BRDA:39,2,0,2
BRDA:39,2,1,2
BRDA:39,2,2,2
BRDA:49,3,0,1
BRDA:49,3,1,1
BRDA:73,4,0,0
BRDA:73,4,1,2
BRDA:73,5,0,2
BRDA:73,5,1,2
BRDA:73,5,2,2
BRDA:83,6,0,1
BRDA:83,6,1,1
BRDA:92,7,0,0
BRDA:92,7,1,1
BRDA:118,8,0,0
BRDA:118,8,1,1
BRDA:128,9,0,0
BRDA:128,9,1,1
BRDA:171,10,0,0
BRDA:171,10,1,1
BRDA:181,11,0,0
BRDA:181,11,1,1
BRDA:211,12,0,1
BRDA:211,12,1,1
BRDA:211,13,0,2
BRDA:211,13,1,1
BRDA:211,13,2,1
BRDA:218,14,0,1
BRDA:218,14,1,0
BRDA:219,15,0,0
BRDA:219,15,1,1
BRDA:220,16,0,1
BRDA:220,16,1,0
BRDA:227,17,0,0
BRDA:227,17,1,1
BRDA:259,18,0,0
BRDA:259,18,1,1
BRDA:269,19,0,0
BRDA:269,19,1,1
BRDA:278,20,0,0
BRDA:278,20,1,1
BRDA:294,21,0,0
BRDA:294,21,1,0
BRDA:304,22,0,0
BRDA:304,22,1,0
BRDA:320,23,0,0
BRDA:320,23,1,2
BRDA:330,24,0,0
BRDA:330,24,1,2
BRDA:344,25,0,1
BRDA:344,25,1,1
BRDA:360,26,0,0
BRDA:360,26,1,0
BRDA:363,27,0,0
BRDA:363,27,1,0
BRDA:363,28,0,0
BRDA:363,28,1,0
BRDA:373,29,0,0
BRDA:373,29,1,0
BRF:63
BRH:34
end_of_record
